<?xml version="1.0" encoding="UTF-8"?>
<testng-results skipped="0" failed="0" ignored="0" total="6" passed="6">
  <reporter-output>
  </reporter-output>
  <suite name="Suite" duration-ms="20718" started-at="2019-08-19T07:54:52Z" finished-at="2019-08-19T07:55:12Z">
    <groups>
    </groups>
    <test name="Tesng" duration-ms="20718" started-at="2019-08-19T07:54:52Z" finished-at="2019-08-19T07:55:12Z">
      <class name="TESTNG_TESTS.Test2">
        <test-method status="PASS" signature="launchbrowser()[pri:0, instance:TESTNG_TESTS.Test2@1d057a39]" name="launchbrowser" is-config="true" duration-ms="6943" started-at="2019-08-19T07:55:00Z" finished-at="2019-08-19T07:55:07Z">
          <reporter-output>
          </reporter-output>
        </test-method> <!-- launchbrowser -->
        <test-method status="PASS" signature="readExcel()[pri:0, instance:TESTNG_TESTS.Test2@1d057a39]" name="readExcel" is-config="true" duration-ms="493" started-at="2019-08-19T07:55:07Z" finished-at="2019-08-19T07:55:07Z">
          <reporter-output>
          </reporter-output>
        </test-method> <!-- readExcel -->
        <test-method status="PASS" signature="test4()[pri:5, instance:TESTNG_TESTS.Test2@1d057a39]" name="test4" duration-ms="484" started-at="2019-08-19T07:55:07Z" finished-at="2019-08-19T07:55:08Z">
          <reporter-output>
          </reporter-output>
        </test-method> <!-- test4 -->
        <test-method status="PASS" signature="test5(java.lang.String, java.lang.String, java.lang.String)[pri:6, instance:TESTNG_TESTS.Test2@1d057a39]" name="test5" duration-ms="2156" started-at="2019-08-19T07:55:08Z" data-provider="data" finished-at="2019-08-19T07:55:10Z">
          <params>
            <param index="0">
              <value>
                <![CDATA[shilpymishra788@gmail.com]]>
              </value>
            </param>
            <param index="1">
              <value>
                <![CDATA[hannah]]>
              </value>
            </param>
            <param index="2">
              <value>
                <![CDATA[shilpymishra788@gmail.com]]>
              </value>
            </param>
          </params>
          <reporter-output>
          </reporter-output>
        </test-method> <!-- test5 -->
        <test-method status="PASS" signature="test5(java.lang.String, java.lang.String, java.lang.String)[pri:6, instance:TESTNG_TESTS.Test2@1d057a39]" name="test5" duration-ms="2203" started-at="2019-08-19T07:55:10Z" data-provider="data" finished-at="2019-08-19T07:55:12Z">
          <params>
            <param index="0">
              <value>
                <![CDATA[hakk@gmail.com]]>
              </value>
            </param>
            <param index="1">
              <value>
                <![CDATA[qazplm]]>
              </value>
            </param>
            <param index="2">
              <value>
                <![CDATA[hakk@gmail.com]]>
              </value>
            </param>
          </params>
          <reporter-output>
          </reporter-output>
        </test-method> <!-- test5 -->
        <test-method status="PASS" signature="closeBrowser()[pri:0, instance:TESTNG_TESTS.Test2@1d057a39]" name="closeBrowser" is-config="true" duration-ms="130" started-at="2019-08-19T07:55:12Z" finished-at="2019-08-19T07:55:12Z">
          <reporter-output>
          </reporter-output>
        </test-method> <!-- closeBrowser -->
      </class> <!-- TESTNG_TESTS.Test2 -->
      <class name="TESTNG_TESTS.Test1">
        <test-method status="PASS" signature="launchbrowser()[pri:0, instance:TESTNG_TESTS.Test1@475530b9]" name="launchbrowser" is-config="true" duration-ms="8012" started-at="2019-08-19T07:54:52Z" finished-at="2019-08-19T07:55:00Z">
          <reporter-output>
          </reporter-output>
        </test-method> <!-- launchbrowser -->
        <test-method status="PASS" signature="test1()[pri:2, instance:TESTNG_TESTS.Test1@475530b9]" name="test1" duration-ms="99" started-at="2019-08-19T07:55:00Z" finished-at="2019-08-19T07:55:00Z">
          <reporter-output>
          </reporter-output>
        </test-method> <!-- test1 -->
        <test-method status="PASS" signature="test2()[pri:3, instance:TESTNG_TESTS.Test1@475530b9]" name="test2" duration-ms="37" started-at="2019-08-19T07:55:00Z" finished-at="2019-08-19T07:55:00Z">
          <reporter-output>
          </reporter-output>
        </test-method> <!-- test2 -->
        <test-method status="PASS" signature="test3()[pri:4, instance:TESTNG_TESTS.Test1@475530b9]" name="test3" duration-ms="45" started-at="2019-08-19T07:55:00Z" finished-at="2019-08-19T07:55:00Z">
          <reporter-output>
          </reporter-output>
        </test-method> <!-- test3 -->
        <test-method status="PASS" signature="closeBrowser()[pri:0, instance:TESTNG_TESTS.Test1@475530b9]" name="closeBrowser" is-config="true" duration-ms="86" started-at="2019-08-19T07:55:00Z" finished-at="2019-08-19T07:55:00Z">
          <reporter-output>
          </reporter-output>
        </test-method> <!-- closeBrowser -->
      </class> <!-- TESTNG_TESTS.Test1 -->
    </test> <!-- Tesng -->
  </suite> <!-- Suite -->
</testng-results>
