<?xml version="1.0" encoding="UTF-8"?>
<!-- Generated by org.testng.reporters.JUnitXMLReporter -->
<testsuite hostname="del1-lhp-n65238" ignored="0" name="Tesng" tests="6" failures="0" timestamp="19 Aug 2019 07:55:13 GMT" time="20.718" errors="0">
  <testcase name="test1" time="0.099" classname="TESTNG_TESTS.Test1"/>
  <testcase name="test2" time="0.037" classname="TESTNG_TESTS.Test1"/>
  <testcase name="test3" time="0.045" classname="TESTNG_TESTS.Test1"/>
  <testcase name="test4" time="0.484" classname="TESTNG_TESTS.Test2"/>
  <testcase name="test5" time="2.156" classname="TESTNG_TESTS.Test2"/>
  <testcase name="test5" time="2.203" classname="TESTNG_TESTS.Test2"/>
</testsuite> <!-- Tesng -->
